# JRE version: Java(TM) SE Runtime Environment (8.0_181-b13) (build 1.8.0_181-b13)
# Java VM: Java HotSpot(TM) 64-Bit Server VM (25.181-b13 mixed mode windows-amd64 compressed oops)
Heap:
 PSYoungGen      total 143872K, used 25191K [0x00000000ebb80000, 0x00000000f7e00000, 0x0000000100000000)
  eden space 130560K, 9% used [0x00000000ebb80000,0x00000000ec720850,0x00000000f3b00000)
  from space 13312K, 99% used [0x00000000f3b00000,0x00000000f47f9470,0x00000000f4800000)
  to   space 15872K, 0% used [0x00000000f6e80000,0x00000000f6e80000,0x00000000f7e00000)
 ParOldGen       total 57856K, used 21742K [0x00000000c3200000, 0x00000000c6a80000, 0x00000000ebb80000)
  object space 57856K, 37% used [0x00000000c3200000,0x00000000c473ba20,0x00000000c6a80000)
 Metaspace       used 48101K, capacity 49968K, committed 50088K, reserved 1093632K
  class space    used 6443K, capacity 6794K, committed 6824K, reserved 1048576K
GC Heap History (10 events):
Event: 11.094 GC heap before
{Heap before GC invocations=9 (full 1):
 PSYoungGen      total 69632K, used 61952K [0x00000000ebb80000, 0x00000000f4380000, 0x0000000100000000)
  eden space 61952K, 100% used [0x00000000ebb80000,0x00000000ef800000,0x00000000ef800000)
  from space 7680K, 0% used [0x00000000ef800000,0x00000000ef800000,0x00000000eff80000)
  to   space 7680K, 0% used [0x00000000f3c00000,0x00000000f3c00000,0x00000000f4380000)
 ParOldGen       total 29696K, used 5113K [0x00000000c3200000, 0x00000000c4f00000, 0x00000000ebb80000)
  object space 29696K, 17% used [0x00000000c3200000,0x00000000c36fe5e0,0x00000000c4f00000)
 Metaspace       used 23724K, capacity 24396K, committed 24496K, reserved 1071104K
  class space    used 3028K, capacity 3216K, committed 3248K, reserved 1048576K
Event: 11.111 GC heap after
Heap after GC invocations=9 (full 1):
 PSYoungGen      total 103936K, used 3921K [0x00000000ebb80000, 0x00000000f4000000, 0x0000000100000000)
  eden space 99840K, 0% used [0x00000000ebb80000,0x00000000ebb80000,0x00000000f1d00000)
  from space 4096K, 95% used [0x00000000f3c00000,0x00000000f3fd4690,0x00000000f4000000)
  to   space 7168K, 0% used [0x00000000f3200000,0x00000000f3200000,0x00000000f3900000)
 ParOldGen       total 29696K, used 5121K [0x00000000c3200000, 0x00000000c4f00000, 0x00000000ebb80000)
  object space 29696K, 17% used [0x00000000c3200000,0x00000000c37005e0,0x00000000c4f00000)
 Metaspace       used 23724K, capacity 24396K, committed 24496K, reserved 1071104K
  class space    used 3028K, capacity 3216K, committed 3248K, reserved 1048576K
}
Event: 17.912 GC heap before
{Heap before GC invocations=10 (full 1):
 PSYoungGen      total 103936K, used 103761K [0x00000000ebb80000, 0x00000000f4000000, 0x0000000100000000)
  eden space 99840K, 100% used [0x00000000ebb80000,0x00000000f1d00000,0x00000000f1d00000)
  from space 4096K, 95% used [0x00000000f3c00000,0x00000000f3fd4690,0x00000000f4000000)
  to   space 7168K, 0% used [0x00000000f3200000,0x00000000f3200000,0x00000000f3900000)
 ParOldGen       total 29696K, used 5121K [0x00000000c3200000, 0x00000000c4f00000, 0x00000000ebb80000)
  object space 29696K, 17% used [0x00000000c3200000,0x00000000c37005e0,0x00000000c4f00000)
 Metaspace       used 29243K, capacity 30556K, committed 30768K, reserved 1075200K
  class space    used 3792K, capacity 4056K, committed 4144K, reserved 1048576K
Event: 17.959 GC heap after
Heap after GC invocations=10 (full 1):
 PSYoungGen      total 128512K, used 7139K [0x00000000ebb80000, 0x00000000f5180000, 0x0000000100000000)
  eden space 121344K, 0% used [0x00000000ebb80000,0x00000000ebb80000,0x00000000f3200000)
  from space 7168K, 99% used [0x00000000f3200000,0x00000000f38f8ca0,0x00000000f3900000)
  to   space 9728K, 0% used [0x00000000f4800000,0x00000000f4800000,0x00000000f5180000)
 ParOldGen       total 29696K, used 8419K [0x00000000c3200000, 0x00000000c4f00000, 0x00000000ebb80000)
  object space 29696K, 28% used [0x00000000c3200000,0x00000000c3a38dd0,0x00000000c4f00000)
 Metaspace       used 29243K, capacity 30556K, committed 30768K, reserved 1075200K
  class space    used 3792K, capacity 4056K, committed 4144K, reserved 1048576K
}
Event: 22.475 GC heap before
{Heap before GC invocations=11 (full 1):
 PSYoungGen      total 128512K, used 100448K [0x00000000ebb80000, 0x00000000f5180000, 0x0000000100000000)
  eden space 121344K, 76% used [0x00000000ebb80000,0x00000000f169f4f0,0x00000000f3200000)
  from space 7168K, 99% used [0x00000000f3200000,0x00000000f38f8ca0,0x00000000f3900000)
  to   space 9728K, 0% used [0x00000000f4800000,0x00000000f4800000,0x00000000f5180000)
 ParOldGen       total 29696K, used 8419K [0x00000000c3200000, 0x00000000c4f00000, 0x00000000ebb80000)
  object space 29696K, 28% used [0x00000000c3200000,0x00000000c3a38dd0,0x00000000c4f00000)
 Metaspace       used 33972K, capacity 35360K, committed 35496K, reserved 1079296K
  class space    used 4394K, capacity 4674K, committed 4776K, reserved 1048576K
Event: 22.519 GC heap after
Heap after GC invocations=11 (full 1):
 PSYoungGen      total 140288K, used 9713K [0x00000000ebb80000, 0x00000000f7300000, 0x0000000100000000)
  eden space 130560K, 0% used [0x00000000ebb80000,0x00000000ebb80000,0x00000000f3b00000)
  from space 9728K, 99% used [0x00000000f4800000,0x00000000f517c5d8,0x00000000f5180000)
  to   space 13312K, 0% used [0x00000000f3b00000,0x00000000f3b00000,0x00000000f4800000)
 ParOldGen       total 29696K, used 14455K [0x00000000c3200000, 0x00000000c4f00000, 0x00000000ebb80000)
  object space 29696K, 48% used [0x00000000c3200000,0x00000000c401ded8,0x00000000c4f00000)
 Metaspace       used 33972K, capacity 35360K, committed 35496K, reserved 1079296K
  class space    used 4394K, capacity 4674K, committed 4776K, reserved 1048576K
}
Event: 22.519 GC heap before
{Heap before GC invocations=12 (full 2):
 PSYoungGen      total 140288K, used 9713K [0x00000000ebb80000, 0x00000000f7300000, 0x0000000100000000)
  eden space 130560K, 0% used [0x00000000ebb80000,0x00000000ebb80000,0x00000000f3b00000)
  from space 9728K, 99% used [0x00000000f4800000,0x00000000f517c5d8,0x00000000f5180000)
  to   space 13312K, 0% used [0x00000000f3b00000,0x00000000f3b00000,0x00000000f4800000)
 ParOldGen       total 29696K, used 14455K [0x00000000c3200000, 0x00000000c4f00000, 0x00000000ebb80000)
  object space 29696K, 48% used [0x00000000c3200000,0x00000000c401ded8,0x00000000c4f00000)
 Metaspace       used 33972K, capacity 35360K, committed 35496K, reserved 1079296K
  class space    used 4394K, capacity 4674K, committed 4776K, reserved 1048576K
Event: 22.707 GC heap after
Heap after GC invocations=12 (full 2):
 PSYoungGen      total 140288K, used 0K [0x00000000ebb80000, 0x00000000f7300000, 0x0000000100000000)
  eden space 130560K, 0% used [0x00000000ebb80000,0x00000000ebb80000,0x00000000f3b00000)
  from space 9728K, 0% used [0x00000000f4800000,0x00000000f4800000,0x00000000f5180000)
  to   space 13312K, 0% used [0x00000000f3b00000,0x00000000f3b00000,0x00000000f4800000)
 ParOldGen       total 57856K, used 19879K [0x00000000c3200000, 0x00000000c6a80000, 0x00000000ebb80000)
  object space 57856K, 34% used [0x00000000c3200000,0x00000000c4569f10,0x00000000c6a80000)
 Metaspace       used 33972K, capacity 35360K, committed 35496K, reserved 1079296K
  class space    used 4394K, capacity 4674K, committed 4776K, reserved 1048576K
}
Event: 32.518 GC heap before
{Heap before GC invocations=13 (full 2):
 PSYoungGen      total 140288K, used 130560K [0x00000000ebb80000, 0x00000000f7300000, 0x0000000100000000)
  eden space 130560K, 100% used [0x00000000ebb80000,0x00000000f3b00000,0x00000000f3b00000)
  from space 9728K, 0% used [0x00000000f4800000,0x00000000f4800000,0x00000000f5180000)
  to   space 13312K, 0% used [0x00000000f3b00000,0x00000000f3b00000,0x00000000f4800000)
 ParOldGen       total 57856K, used 19879K [0x00000000c3200000, 0x00000000c6a80000, 0x00000000ebb80000)
  object space 57856K, 34% used [0x00000000c3200000,0x00000000c4569f10,0x00000000c6a80000)
 Metaspace       used 47649K, capacity 49510K, committed 49832K, reserved 1091584K
  class space    used 6384K, capacity 6713K, committed 6824K, reserved 1048576K
Event: 32.562 GC heap after
Heap after GC invocations=13 (full 2):
 PSYoungGen      total 143872K, used 13285K [0x00000000ebb80000, 0x00000000f7e00000, 0x0000000100000000)
  eden space 130560K, 0% used [0x00000000ebb80000,0x00000000ebb80000,0x00000000f3b00000)
  from space 13312K, 99% used [0x00000000f3b00000,0x00000000f47f9470,0x00000000f4800000)
  to   space 15872K, 0% used [0x00000000f6e80000,0x00000000f6e80000,0x00000000f7e00000)
 ParOldGen       total 57856K, used 21742K [0x00000000c3200000, 0x00000000c6a80000, 0x00000000ebb80000)
  object space 57856K, 37% used [0x00000000c3200000,0x00000000c473ba20,0x00000000c6a80000)
 Metaspace       used 47649K, capacity 49510K, committed 49832K, reserved 1091584K
  class space    used 6384K, capacity 6713K, committed 6824K, reserved 1048576K
}

