# JRE version: Java(TM) SE Runtime Environment (8.0_181-b13) (build 1.8.0_181-b13)
# Java VM: Java HotSpot(TM) 64-Bit Server VM (25.181-b13 mixed mode windows-amd64 compressed oops)
Heap:
 PSYoungGen      total 154112K, used 58534K [0x00000000ebb80000, 0x00000000f6580000, 0x0000000100000000)
  eden space 139264K, 32% used [0x00000000ebb80000,0x00000000ee776b28,0x00000000f4380000)
  from space 14848K, 91% used [0x00000000f5400000,0x00000000f6132e48,0x00000000f6280000)
  to   space 16896K, 0% used [0x00000000f4380000,0x00000000f4380000,0x00000000f5400000)
 ParOldGen       total 65536K, used 20384K [0x00000000c3200000, 0x00000000c7200000, 0x00000000ebb80000)
  object space 65536K, 31% used [0x00000000c3200000,0x00000000c45e8380,0x00000000c7200000)
 Metaspace       used 53657K, capacity 55840K, committed 56024K, reserved 1097728K
  class space    used 7170K, capacity 7562K, committed 7680K, reserved 1048576K
GC Heap History (10 events):
Event: 15.121 GC heap before
{Heap before GC invocations=10 (full 1):
 PSYoungGen      total 95744K, used 95509K [0x00000000ebb80000, 0x00000000f4100000, 0x0000000100000000)
  eden space 91648K, 100% used [0x00000000ebb80000,0x00000000f1500000,0x00000000f1500000)
  from space 4096K, 94% used [0x00000000f3d00000,0x00000000f40c54a8,0x00000000f4100000)
  to   space 7168K, 0% used [0x00000000f3300000,0x00000000f3300000,0x00000000f3a00000)
 ParOldGen       total 32256K, used 5277K [0x00000000c3200000, 0x00000000c5180000, 0x00000000ebb80000)
  object space 32256K, 16% used [0x00000000c3200000,0x00000000c3727670,0x00000000c5180000)
 Metaspace       used 29033K, capacity 30314K, committed 30464K, reserved 1075200K
  class space    used 3765K, capacity 4021K, committed 4096K, reserved 1048576K
Event: 15.159 GC heap after
Heap after GC invocations=10 (full 1):
 PSYoungGen      total 122880K, used 7136K [0x00000000ebb80000, 0x00000000f3e80000, 0x0000000100000000)
  eden space 115712K, 0% used [0x00000000ebb80000,0x00000000ebb80000,0x00000000f2c80000)
  from space 7168K, 99% used [0x00000000f3300000,0x00000000f39f81c8,0x00000000f3a00000)
  to   space 4608K, 0% used [0x00000000f3a00000,0x00000000f3a00000,0x00000000f3e80000)
 ParOldGen       total 32256K, used 8118K [0x00000000c3200000, 0x00000000c5180000, 0x00000000ebb80000)
  object space 32256K, 25% used [0x00000000c3200000,0x00000000c39edbb0,0x00000000c5180000)
 Metaspace       used 29033K, capacity 30314K, committed 30464K, reserved 1075200K
  class space    used 3765K, capacity 4021K, committed 4096K, reserved 1048576K
}
Event: 18.900 GC heap before
{Heap before GC invocations=11 (full 1):
 PSYoungGen      total 122880K, used 107536K [0x00000000ebb80000, 0x00000000f3e80000, 0x0000000100000000)
  eden space 115712K, 86% used [0x00000000ebb80000,0x00000000f1d8c0b8,0x00000000f2c80000)
  from space 7168K, 99% used [0x00000000f3300000,0x00000000f39f81c8,0x00000000f3a00000)
  to   space 4608K, 0% used [0x00000000f3a00000,0x00000000f3a00000,0x00000000f3e80000)
 ParOldGen       total 32256K, used 8118K [0x00000000c3200000, 0x00000000c5180000, 0x00000000ebb80000)
  object space 32256K, 25% used [0x00000000c3200000,0x00000000c39edbb0,0x00000000c5180000)
 Metaspace       used 33884K, capacity 35292K, committed 35416K, reserved 1079296K
  class space    used 4384K, capacity 4674K, committed 4736K, reserved 1048576K
Event: 18.953 GC heap after
Heap after GC invocations=11 (full 1):
 PSYoungGen      total 121344K, used 4580K [0x00000000ebb80000, 0x00000000f6280000, 0x0000000100000000)
  eden space 116736K, 0% used [0x00000000ebb80000,0x00000000ebb80000,0x00000000f2d80000)
  from space 4608K, 99% used [0x00000000f3a00000,0x00000000f3e79030,0x00000000f3e80000)
  to   space 12800K, 0% used [0x00000000f2d80000,0x00000000f2d80000,0x00000000f3a00000)
 ParOldGen       total 32256K, used 19238K [0x00000000c3200000, 0x00000000c5180000, 0x00000000ebb80000)
  object space 32256K, 59% used [0x00000000c3200000,0x00000000c44c99d8,0x00000000c5180000)
 Metaspace       used 33884K, capacity 35292K, committed 35416K, reserved 1079296K
  class space    used 4384K, capacity 4674K, committed 4736K, reserved 1048576K
}
Event: 18.953 GC heap before
{Heap before GC invocations=12 (full 2):
 PSYoungGen      total 121344K, used 4580K [0x00000000ebb80000, 0x00000000f6280000, 0x0000000100000000)
  eden space 116736K, 0% used [0x00000000ebb80000,0x00000000ebb80000,0x00000000f2d80000)
  from space 4608K, 99% used [0x00000000f3a00000,0x00000000f3e79030,0x00000000f3e80000)
  to   space 12800K, 0% used [0x00000000f2d80000,0x00000000f2d80000,0x00000000f3a00000)
 ParOldGen       total 32256K, used 19238K [0x00000000c3200000, 0x00000000c5180000, 0x00000000ebb80000)
  object space 32256K, 59% used [0x00000000c3200000,0x00000000c44c99d8,0x00000000c5180000)
 Metaspace       used 33884K, capacity 35292K, committed 35416K, reserved 1079296K
  class space    used 4384K, capacity 4674K, committed 4736K, reserved 1048576K
Event: 19.251 GC heap after
Heap after GC invocations=12 (full 2):
 PSYoungGen      total 121344K, used 0K [0x00000000ebb80000, 0x00000000f6280000, 0x0000000100000000)
  eden space 116736K, 0% used [0x00000000ebb80000,0x00000000ebb80000,0x00000000f2d80000)
  from space 4608K, 0% used [0x00000000f3a00000,0x00000000f3a00000,0x00000000f3e80000)
  to   space 12800K, 0% used [0x00000000f2d80000,0x00000000f2d80000,0x00000000f3a00000)
 ParOldGen       total 65536K, used 19700K [0x00000000c3200000, 0x00000000c7200000, 0x00000000ebb80000)
  object space 65536K, 30% used [0x00000000c3200000,0x00000000c453d360,0x00000000c7200000)
 Metaspace       used 33884K, capacity 35292K, committed 35416K, reserved 1079296K
  class space    used 4384K, capacity 4674K, committed 4736K, reserved 1048576K
}
Event: 25.691 GC heap before
{Heap before GC invocations=13 (full 2):
 PSYoungGen      total 121344K, used 116736K [0x00000000ebb80000, 0x00000000f6280000, 0x0000000100000000)
  eden space 116736K, 100% used [0x00000000ebb80000,0x00000000f2d80000,0x00000000f2d80000)
  from space 4608K, 0% used [0x00000000f3a00000,0x00000000f3a00000,0x00000000f3e80000)
  to   space 12800K, 0% used [0x00000000f2d80000,0x00000000f2d80000,0x00000000f3a00000)
 ParOldGen       total 65536K, used 19700K [0x00000000c3200000, 0x00000000c7200000, 0x00000000ebb80000)
  object space 65536K, 30% used [0x00000000c3200000,0x00000000c453d360,0x00000000c7200000)
 Metaspace       used 45957K, capacity 47500K, committed 47960K, reserved 1091584K
  class space    used 6149K, capacity 6448K, committed 6528K, reserved 1048576K
Event: 25.727 GC heap after
Heap after GC invocations=13 (full 2):
 PSYoungGen      total 129536K, used 12796K [0x00000000ebb80000, 0x00000000f6280000, 0x0000000100000000)
  eden space 116736K, 0% used [0x00000000ebb80000,0x00000000ebb80000,0x00000000f2d80000)
  from space 12800K, 99% used [0x00000000f2d80000,0x00000000f39ff1c0,0x00000000f3a00000)
  to   space 14848K, 0% used [0x00000000f5400000,0x00000000f5400000,0x00000000f6280000)
 ParOldGen       total 65536K, used 20384K [0x00000000c3200000, 0x00000000c7200000, 0x00000000ebb80000)
  object space 65536K, 31% used [0x00000000c3200000,0x00000000c45e8380,0x00000000c7200000)
 Metaspace       used 45957K, capacity 47500K, committed 47960K, reserved 1091584K
  class space    used 6149K, capacity 6448K, committed 6528K, reserved 1048576K
}
Event: 30.656 GC heap before
{Heap before GC invocations=14 (full 2):
 PSYoungGen      total 129536K, used 129532K [0x00000000ebb80000, 0x00000000f6280000, 0x0000000100000000)
  eden space 116736K, 100% used [0x00000000ebb80000,0x00000000f2d80000,0x00000000f2d80000)
  from space 12800K, 99% used [0x00000000f2d80000,0x00000000f39ff1c0,0x00000000f3a00000)
  to   space 14848K, 0% used [0x00000000f5400000,0x00000000f5400000,0x00000000f6280000)
 ParOldGen       total 65536K, used 20384K [0x00000000c3200000, 0x00000000c7200000, 0x00000000ebb80000)
  object space 65536K, 31% used [0x00000000c3200000,0x00000000c45e8380,0x00000000c7200000)
 Metaspace       used 51758K, capacity 53892K, committed 54232K, reserved 1095680K
  class space    used 6907K, capacity 7302K, committed 7424K, reserved 1048576K
Event: 30.701 GC heap after
Heap after GC invocations=14 (full 2):
 PSYoungGen      total 154112K, used 13515K [0x00000000ebb80000, 0x00000000f6580000, 0x0000000100000000)
  eden space 139264K, 0% used [0x00000000ebb80000,0x00000000ebb80000,0x00000000f4380000)
  from space 14848K, 91% used [0x00000000f5400000,0x00000000f6132e48,0x00000000f6280000)
  to   space 16896K, 0% used [0x00000000f4380000,0x00000000f4380000,0x00000000f5400000)
 ParOldGen       total 65536K, used 20384K [0x00000000c3200000, 0x00000000c7200000, 0x00000000ebb80000)
  object space 65536K, 31% used [0x00000000c3200000,0x00000000c45e8380,0x00000000c7200000)
 Metaspace       used 51758K, capacity 53892K, committed 54232K, reserved 1095680K
  class space    used 6907K, capacity 7302K, committed 7424K, reserved 1048576K
}

