# JRE version: Java(TM) SE Runtime Environment (8.0_181-b13) (build 1.8.0_181-b13)
# Java VM: Java HotSpot(TM) 64-Bit Server VM (25.181-b13 mixed mode windows-amd64 compressed oops)
Heap:
 PSYoungGen      total 147968K, used 118057K [0x00000000ebb80000, 0x00000000f8500000, 0x0000000100000000)
  eden space 134656K, 77% used [0x00000000ebb80000,0x00000000f21d2458,0x00000000f3f00000)
  from space 13312K, 99% used [0x00000000f3f00000,0x00000000f4bf8128,0x00000000f4c00000)
  to   space 16384K, 0% used [0x00000000f7500000,0x00000000f7500000,0x00000000f8500000)
 ParOldGen       total 57856K, used 22096K [0x00000000c3200000, 0x00000000c6a80000, 0x00000000ebb80000)
  object space 57856K, 38% used [0x00000000c3200000,0x00000000c47941b0,0x00000000c6a80000)
 Metaspace       used 51783K, capacity 53908K, committed 54184K, reserved 1095680K
  class space    used 6919K, capacity 7304K, committed 7336K, reserved 1048576K
GC Heap History (10 events):
Event: 9.186 GC heap before
{Heap before GC invocations=9 (full 1):
 PSYoungGen      total 70144K, used 62464K [0x00000000ebb80000, 0x00000000f4480000, 0x0000000100000000)
  eden space 62464K, 100% used [0x00000000ebb80000,0x00000000ef880000,0x00000000ef880000)
  from space 7680K, 0% used [0x00000000ef880000,0x00000000ef880000,0x00000000f0000000)
  to   space 7680K, 0% used [0x00000000f3d00000,0x00000000f3d00000,0x00000000f4480000)
 ParOldGen       total 29696K, used 4854K [0x00000000c3200000, 0x00000000c4f00000, 0x00000000ebb80000)
  object space 29696K, 16% used [0x00000000c3200000,0x00000000c36bdb58,0x00000000c4f00000)
 Metaspace       used 23705K, capacity 24382K, committed 24496K, reserved 1071104K
  class space    used 3026K, capacity 3209K, committed 3248K, reserved 1048576K
Event: 9.199 GC heap after
Heap after GC invocations=9 (full 1):
 PSYoungGen      total 106496K, used 4159K [0x00000000ebb80000, 0x00000000f4180000, 0x0000000100000000)
  eden space 101888K, 0% used [0x00000000ebb80000,0x00000000ebb80000,0x00000000f1f00000)
  from space 4608K, 90% used [0x00000000f3d00000,0x00000000f410fda8,0x00000000f4180000)
  to   space 7168K, 0% used [0x00000000f3380000,0x00000000f3380000,0x00000000f3a80000)
 ParOldGen       total 29696K, used 4926K [0x00000000c3200000, 0x00000000c4f00000, 0x00000000ebb80000)
  object space 29696K, 16% used [0x00000000c3200000,0x00000000c36cfb68,0x00000000c4f00000)
 Metaspace       used 23705K, capacity 24382K, committed 24496K, reserved 1071104K
  class space    used 3026K, capacity 3209K, committed 3248K, reserved 1048576K
}
Event: 14.001 GC heap before
{Heap before GC invocations=10 (full 1):
 PSYoungGen      total 106496K, used 106047K [0x00000000ebb80000, 0x00000000f4180000, 0x0000000100000000)
  eden space 101888K, 100% used [0x00000000ebb80000,0x00000000f1f00000,0x00000000f1f00000)
  from space 4608K, 90% used [0x00000000f3d00000,0x00000000f410fda8,0x00000000f4180000)
  to   space 7168K, 0% used [0x00000000f3380000,0x00000000f3380000,0x00000000f3a80000)
 ParOldGen       total 29696K, used 4926K [0x00000000c3200000, 0x00000000c4f00000, 0x00000000ebb80000)
  object space 29696K, 16% used [0x00000000c3200000,0x00000000c36cfb68,0x00000000c4f00000)
 Metaspace       used 29259K, capacity 30568K, committed 30768K, reserved 1075200K
  class space    used 3799K, capacity 4056K, committed 4144K, reserved 1048576K
Event: 14.043 GC heap after
Heap after GC invocations=10 (full 1):
 PSYoungGen      total 130048K, used 7145K [0x00000000ebb80000, 0x00000000f5580000, 0x0000000100000000)
  eden space 122880K, 0% used [0x00000000ebb80000,0x00000000ebb80000,0x00000000f3380000)
  from space 7168K, 99% used [0x00000000f3380000,0x00000000f3a7a718,0x00000000f3a80000)
  to   space 9728K, 0% used [0x00000000f4c00000,0x00000000f4c00000,0x00000000f5580000)
 ParOldGen       total 29696K, used 8556K [0x00000000c3200000, 0x00000000c4f00000, 0x00000000ebb80000)
  object space 29696K, 28% used [0x00000000c3200000,0x00000000c3a5b308,0x00000000c4f00000)
 Metaspace       used 29259K, capacity 30568K, committed 30768K, reserved 1075200K
  class space    used 3799K, capacity 4056K, committed 4144K, reserved 1048576K
}
Event: 17.791 GC heap before
{Heap before GC invocations=11 (full 1):
 PSYoungGen      total 130048K, used 99053K [0x00000000ebb80000, 0x00000000f5580000, 0x0000000100000000)
  eden space 122880K, 74% used [0x00000000ebb80000,0x00000000f1540fd8,0x00000000f3380000)
  from space 7168K, 99% used [0x00000000f3380000,0x00000000f3a7a718,0x00000000f3a80000)
  to   space 9728K, 0% used [0x00000000f4c00000,0x00000000f4c00000,0x00000000f5580000)
 ParOldGen       total 29696K, used 8556K [0x00000000c3200000, 0x00000000c4f00000, 0x00000000ebb80000)
  object space 29696K, 28% used [0x00000000c3200000,0x00000000c3a5b308,0x00000000c4f00000)
 Metaspace       used 33972K, capacity 35366K, committed 35496K, reserved 1079296K
  class space    used 4397K, capacity 4675K, committed 4776K, reserved 1048576K
Event: 17.828 GC heap after
Heap after GC invocations=11 (full 1):
 PSYoungGen      total 144384K, used 9716K [0x00000000ebb80000, 0x00000000f7580000, 0x0000000100000000)
  eden space 134656K, 0% used [0x00000000ebb80000,0x00000000ebb80000,0x00000000f3f00000)
  from space 9728K, 99% used [0x00000000f4c00000,0x00000000f557d1c8,0x00000000f5580000)
  to   space 13312K, 0% used [0x00000000f3f00000,0x00000000f3f00000,0x00000000f4c00000)
 ParOldGen       total 29696K, used 14740K [0x00000000c3200000, 0x00000000c4f00000, 0x00000000ebb80000)
  object space 29696K, 49% used [0x00000000c3200000,0x00000000c40651c8,0x00000000c4f00000)
 Metaspace       used 33972K, capacity 35366K, committed 35496K, reserved 1079296K
  class space    used 4397K, capacity 4675K, committed 4776K, reserved 1048576K
}
Event: 17.828 GC heap before
{Heap before GC invocations=12 (full 2):
 PSYoungGen      total 144384K, used 9716K [0x00000000ebb80000, 0x00000000f7580000, 0x0000000100000000)
  eden space 134656K, 0% used [0x00000000ebb80000,0x00000000ebb80000,0x00000000f3f00000)
  from space 9728K, 99% used [0x00000000f4c00000,0x00000000f557d1c8,0x00000000f5580000)
  to   space 13312K, 0% used [0x00000000f3f00000,0x00000000f3f00000,0x00000000f4c00000)
 ParOldGen       total 29696K, used 14740K [0x00000000c3200000, 0x00000000c4f00000, 0x00000000ebb80000)
  object space 29696K, 49% used [0x00000000c3200000,0x00000000c40651c8,0x00000000c4f00000)
 Metaspace       used 33972K, capacity 35366K, committed 35496K, reserved 1079296K
  class space    used 4397K, capacity 4675K, committed 4776K, reserved 1048576K
Event: 18.012 GC heap after
Heap after GC invocations=12 (full 2):
 PSYoungGen      total 144384K, used 0K [0x00000000ebb80000, 0x00000000f7580000, 0x0000000100000000)
  eden space 134656K, 0% used [0x00000000ebb80000,0x00000000ebb80000,0x00000000f3f00000)
  from space 9728K, 0% used [0x00000000f4c00000,0x00000000f4c00000,0x00000000f5580000)
  to   space 13312K, 0% used [0x00000000f3f00000,0x00000000f3f00000,0x00000000f4c00000)
 ParOldGen       total 57856K, used 19854K [0x00000000c3200000, 0x00000000c6a80000, 0x00000000ebb80000)
  object space 57856K, 34% used [0x00000000c3200000,0x00000000c4563800,0x00000000c6a80000)
 Metaspace       used 33972K, capacity 35366K, committed 35496K, reserved 1079296K
  class space    used 4397K, capacity 4675K, committed 4776K, reserved 1048576K
}
Event: 26.054 GC heap before
{Heap before GC invocations=13 (full 2):
 PSYoungGen      total 144384K, used 134656K [0x00000000ebb80000, 0x00000000f7580000, 0x0000000100000000)
  eden space 134656K, 100% used [0x00000000ebb80000,0x00000000f3f00000,0x00000000f3f00000)
  from space 9728K, 0% used [0x00000000f4c00000,0x00000000f4c00000,0x00000000f5580000)
  to   space 13312K, 0% used [0x00000000f3f00000,0x00000000f3f00000,0x00000000f4c00000)
 ParOldGen       total 57856K, used 19854K [0x00000000c3200000, 0x00000000c6a80000, 0x00000000ebb80000)
  object space 57856K, 34% used [0x00000000c3200000,0x00000000c4563800,0x00000000c6a80000)
 Metaspace       used 47972K, capacity 49884K, committed 50088K, reserved 1093632K
  class space    used 6433K, capacity 6792K, committed 6824K, reserved 1048576K
Event: 26.102 GC heap after
Heap after GC invocations=13 (full 2):
 PSYoungGen      total 147968K, used 13280K [0x00000000ebb80000, 0x00000000f8500000, 0x0000000100000000)
  eden space 134656K, 0% used [0x00000000ebb80000,0x00000000ebb80000,0x00000000f3f00000)
  from space 13312K, 99% used [0x00000000f3f00000,0x00000000f4bf8128,0x00000000f4c00000)
  to   space 16384K, 0% used [0x00000000f7500000,0x00000000f7500000,0x00000000f8500000)
 ParOldGen       total 57856K, used 22096K [0x00000000c3200000, 0x00000000c6a80000, 0x00000000ebb80000)
  object space 57856K, 38% used [0x00000000c3200000,0x00000000c47941b0,0x00000000c6a80000)
 Metaspace       used 47972K, capacity 49884K, committed 50088K, reserved 1093632K
  class space    used 6433K, capacity 6792K, committed 6824K, reserved 1048576K
}

